Log file open, 06/15/17 20:10:59
LogInit:Display: Running engine for game: vegetta
LogPlatformFile: Not using cached read wrapper
LogInit:Display: RandInit(-95089011) SRandInit(-95089011).
LogTaskGraph: Started task graph with 5 named threads and 6 total threads with 1 sets of task threads.
LogStats: Stats thread started at 0.139670
LogInit: Using libcurl 7.47.1
LogInit:  - built for x86_64-pc-win32
LogInit:  - supports SSL with OpenSSL/1.0.2g
LogInit:  - supports HTTP deflate (compression) using libz 1.2.8
LogInit:  - other features:
LogInit:      CURL_VERSION_SSL
LogInit:      CURL_VERSION_LIBZ
LogInit:      CURL_VERSION_IPV6
LogInit:      CURL_VERSION_ASYNCHDNS
LogInit:      CURL_VERSION_LARGEFILE
LogInit:      CURL_VERSION_IDN
LogInit:  CurlRequestOptions (configurable via config and command line):
LogInit:  - bVerifyPeer = false  - Libcurl will NOT verify peer certificate
LogInit:  - bUseHttpProxy = false  - Libcurl will NOT use HTTP proxy
LogInit:  - bDontReuseConnections = false  - Libcurl will reuse connections
LogInit:  - CertBundlePath = nullptr  - Libcurl will use whatever was configured at build time.
LogInit: Build: ++UE4+Release-4.15-CL-3416026
LogInit: Engine Version: 4.15.2-3416026+++UE4+Release-4.15
LogInit: Compatible Engine Version: 4.15.0-3299760+++UE4+Release-4.15
LogInit: Net CL: 3299760
LogDevObjectVersion: Number of dev versions registered: 14
LogDevObjectVersion:   Dev-Blueprints (B0D832E4-1F89-4F0D-ACCF-7EB736FD4AA2): 8
LogDevObjectVersion:   Dev-Build (E1C64328-A22C-4D53-A36C-8E866417BD8C): 0
LogDevObjectVersion:   Dev-Core (375EC13C-06E4-48FB-B500-84F0262A717E): 2
LogDevObjectVersion:   Dev-Editor (E4B068ED-F494-42E9-A231-DA0B2E46BB41): 14
LogDevObjectVersion:   Dev-Framework (CFFC743F-43B0-4480-9391-14DF171D2073): 22
LogDevObjectVersion:   Dev-Mobile (B02B49B5-BB20-44E9-A304-32B752E40360): 0
LogDevObjectVersion:   Dev-Networking (A4E4105C-59A1-49B5-A7C5-40C4547EDFEE): 0
LogDevObjectVersion:   Dev-Online (39C831C9-5AE6-47DC-9A44-9C173E1C8E7C): 0
LogDevObjectVersion:   Dev-Physics (78F01B33-EBEA-4F98-B9B4-84EACCB95AA2): 0
LogDevObjectVersion:   Dev-Platform (6631380F-2D4D-43E0-8009-CF276956A95A): 0
LogDevObjectVersion:   Dev-Rendering (12F88B9F-8875-4AFC-A67C-D90C383ABD29): 12
LogDevObjectVersion:   Dev-Sequencer (7B5AE74C-D270-4C10-A958-57980B212A5A): 3
LogDevObjectVersion:   Dev-VR (D7296918-1DD6-4BDD-9DE2-64A83CC13884): 0
LogDevObjectVersion:   Dev-LoadTimes (C2A15278-BFE7-4AFE-6C17-90FF531DF755): 1
LogInit: Compiled (64-bit): May  1 2017 13:11:28
LogInit: Compiled with Visual C++: 19.00.23026.00
LogInit: Build Configuration: Development
LogInit: Branch Name: ++UE4+Release-4.15
LogInit: Command line:  
LogInit: Base directory: C:/Program Files/Epic Games/UE_4.15/Engine/Binaries/Win64/
LogInit: Installed Engine Build: 1
LogInit: Presizing for max 8388607 objects, including 0 objects not considered by GC, pre-allocating 0 bytes for permanent pool.
LogInit: Object subsystem initialized
[2017.06.15-23.11.00:361][  0]LogInit: Selected Device Profile: [Windows]
[2017.06.15-23.11.00:361][  0]LogInit: Applying CVar settings loaded from the selected device profile: [Windows]
[2017.06.15-23.11.00:401][  0]LogInit: Computer: DESKTOP-DJ5VP8L
[2017.06.15-23.11.00:401][  0]LogInit: User: perfe
[2017.06.15-23.11.00:401][  0]LogInit: CPU Page size=65536, Cores=2
[2017.06.15-23.11.00:401][  0]LogInit: High frequency timer resolution =3.222682 MHz
[2017.06.15-23.11.00:401][  0]LogMemory: Memory total: Physical=7.9GB (8GB approx)
[2017.06.15-23.11.00:401][  0]LogMemory: Platform Memory Stats for Windows
[2017.06.15-23.11.00:401][  0]LogMemory: Process Physical Memory: 261.58 MB used, 261.58 MB peak
[2017.06.15-23.11.00:401][  0]LogMemory: Process Virtual Memory: 262.32 MB used, 262.32 MB peak
[2017.06.15-23.11.00:401][  0]LogMemory: Physical Memory: 4485.31 MB used,  3591.00 MB free, 8076.32 MB total
[2017.06.15-23.11.00:401][  0]LogMemory: Virtual Memory: 643.47 MB used,  3591.00 MB free, 134217728.00 MB total
[2017.06.15-23.11.00:506][  0]LogInit: Overriding culture en with editor configuration.
[2017.06.15-23.11.01:223][  0]LogD3D11RHI: D3D11 adapters:
[2017.06.15-23.11.01:261][  0]LogD3D11RHI:    0. 'NVIDIA GeForce GTX 1050 Ti' (Feature Level 11_0)
[2017.06.15-23.11.01:261][  0]LogD3D11RHI:       4050/0/4038 MB DedicatedVideo/DedicatedSystem/SharedSystem, Outputs:1, VendorId:0x10de
[2017.06.15-23.11.01:264][  0]LogD3D11RHI:    1. 'Intel(R) HD Graphics' (Feature Level 11_0)
[2017.06.15-23.11.01:264][  0]LogD3D11RHI:       32/0/1760 MB DedicatedVideo/DedicatedSystem/SharedSystem, Outputs:1, VendorId:0x8086
[2017.06.15-23.11.01:265][  0]LogD3D11RHI:    2. 'Microsoft Basic Render Driver' (Feature Level 11_0)
[2017.06.15-23.11.01:265][  0]LogD3D11RHI:       0/0/4038 MB DedicatedVideo/DedicatedSystem/SharedSystem, Outputs:0, VendorId:0x1414
[2017.06.15-23.11.01:265][  0]LogD3D11RHI: Chosen D3D11 Adapter: 0
[2017.06.15-23.11.01:271][  0]LogD3D11RHI: Creating new Direct3DDevice
[2017.06.15-23.11.01:272][  0]LogD3D11RHI:     GPU DeviceId: 0x1c82 (for the marketing name, search the web for "GPU Device Id")
[2017.06.15-23.11.01:272][  0]LogWindows: EnumDisplayDevices:
[2017.06.15-23.11.01:272][  0]LogWindows:    0. 'NVIDIA GeForce GTX 1050 Ti' (P:1 D:1)
[2017.06.15-23.11.01:272][  0]LogWindows:    1. 'NVIDIA GeForce GTX 1050 Ti' (P:0 D:0)
[2017.06.15-23.11.01:272][  0]LogWindows:    2. 'NVIDIA GeForce GTX 1050 Ti' (P:0 D:0)
[2017.06.15-23.11.01:273][  0]LogWindows:    3. 'NVIDIA GeForce GTX 1050 Ti' (P:0 D:0)
[2017.06.15-23.11.01:273][  0]LogWindows:    4. 'Intel(R) HD Graphics' (P:0 D:1)
[2017.06.15-23.11.01:273][  0]LogWindows:    5. 'Intel(R) HD Graphics' (P:0 D:0)
[2017.06.15-23.11.01:273][  0]LogWindows: DebugString: PrimaryIsNotTheChoosenAdapter PrimaryIsNotTheChoosenAdapter FoundDriverCount:4 
[2017.06.15-23.11.01:273][  0]LogD3D11RHI:     Adapter Name: NVIDIA GeForce GTX 1050 Ti
[2017.06.15-23.11.01:273][  0]LogD3D11RHI:   Driver Version: 378.78 (internal:21.21.13.7878, unified:378.78)
[2017.06.15-23.11.01:273][  0]LogD3D11RHI:      Driver Date: 2-23-2017
[2017.06.15-23.11.01:273][  0]LogRHI: Texture pool is 1361 MB (70% of 1945 MB)
[2017.06.15-23.11.01:289][  0]LogD3D11RHI: [Aftermath] Aftermath enabled but failed to initialize due to reason: NvApiIncompatible
[2017.06.15-23.11.01:289][  0]LogD3D11RHI: Async texture creation enabled
[2017.06.15-23.11.01:307][  0]LogD3D11RHI: GPU Timing Frequency: 1000.000000 (Debug: 2 2)
[2017.06.15-23.11.01:354][  0]LogShaderCompilers: Guid format shader working directory is -43 characters bigger than the processId version (../../../../../../Users/perfe/Documents/Unreal Projects/2e171fe038363026be7faeb1069107e0/Intermediate/Shaders/WorkingDirectory/20088/).
[2017.06.15-23.11.01:354][  0]LogShaderCompilers: Cleaned the shader compiler working directory 'C:/Users/perfe/AppData/Local/Temp/UnrealShaderWorkingDir/ECD23B624F58D3155294B3A1C8B5F4A2/'.
[2017.06.15-23.11.01:354][  0]LogShaderCompilers:Display: Using Local Shader Compiler.
[2017.06.15-23.11.02:978][  0]LogTemp:Display: Loaded TP AllDesktopTargetPlatform
[2017.06.15-23.11.03:048][  0]LogTemp:Display: Loaded TP MacClientTargetPlatform
[2017.06.15-23.11.03:118][  0]LogTemp:Display: Loaded TP MacNoEditorTargetPlatform
[2017.06.15-23.11.03:196][  0]LogTemp:Display: Loaded TP MacServerTargetPlatform
[2017.06.15-23.11.03:266][  0]LogTemp:Display: Loaded TP MacTargetPlatform
[2017.06.15-23.11.03:340][  0]LogTemp:Display: Loaded TP WindowsClientTargetPlatform
[2017.06.15-23.11.03:419][  0]LogTemp:Display: Loaded TP WindowsNoEditorTargetPlatform
[2017.06.15-23.11.03:488][  0]LogTemp:Display: Loaded TP WindowsServerTargetPlatform
[2017.06.15-23.11.03:546][  0]LogTemp:Display: Loaded TP WindowsTargetPlatform
[2017.06.15-23.11.03:616][  0]LogTemp:Display: Loaded TP AndroidTargetPlatform
[2017.06.15-23.11.03:685][  0]LogTemp:Display: Loaded TP Android_ASTCTargetPlatform
[2017.06.15-23.11.03:753][  0]LogTemp:Display: Loaded TP Android_ATCTargetPlatform
[2017.06.15-23.11.03:822][  0]LogTemp:Display: Loaded TP Android_DXTTargetPlatform
[2017.06.15-23.11.03:895][  0]LogTemp:Display: Loaded TP Android_ETC1TargetPlatform
[2017.06.15-23.11.03:962][  0]LogTemp:Display: Loaded TP Android_ETC2TargetPlatform
[2017.06.15-23.11.04:101][  0]LogTemp:Display: Loaded TP Android_MultiTargetPlatform
[2017.06.15-23.11.04:102][  0]LogTemp:Display: Loaded TP Android_PVRTCTargetPlatform
[2017.06.15-23.11.04:149][  0]LogTemp:Display: Loaded TP HTML5TargetPlatform
[2017.06.15-23.11.04:270][  0]LogTemp:Display: Loaded TP IOSTargetPlatform
[2017.06.15-23.11.04:317][  0]LogTemp:Display: Loaded TP TVOSTargetPlatform
[2017.06.15-23.11.04:386][  0]LogTemp:Display: Loaded TP LinuxClientTargetPlatform
[2017.06.15-23.11.04:454][  0]LogTemp:Display: Loaded TP LinuxNoEditorTargetPlatform
[2017.06.15-23.11.04:523][  0]LogTemp:Display: Loaded TP LinuxServerTargetPlatform
[2017.06.15-23.11.04:593][  0]LogTemp:Display: Loaded TP LinuxTargetPlatform
[2017.06.15-23.11.04:593][  0]LogTargetPlatformManager:Display: Building Assets For Windows
[2017.06.15-23.11.05:190][  0]LogDerivedDataCache:Display: Max Cache Size: 512 MB
[2017.06.15-23.11.05:250][  0]LogDerivedDataCache: Loaded boot cache 0.06s 51MB C:/Users/perfe/AppData/Local/UnrealEngine/4.15/DerivedDataCache/Boot.ddc.
[2017.06.15-23.11.05:250][  0]LogDerivedDataCache:Display: Loaded Boot cache: C:/Users/perfe/AppData/Local/UnrealEngine/4.15/DerivedDataCache/Boot.ddc
[2017.06.15-23.11.05:250][  0]LogDerivedDataCache: FDerivedDataBackendGraph:  Pak pak cache file ../../../../../../Users/perfe/Documents/Unreal Projects/2e171fe038363026be7faeb1069107e0/DerivedDataCache/DDC.ddp not found, will not use a pak cache.
[2017.06.15-23.11.05:250][  0]LogDerivedDataCache: Unable to find inner node Pak for hierarchical cache Hierarchy.
[2017.06.15-23.11.05:250][  0]LogDerivedDataCache: FDerivedDataBackendGraph:  CompressedPak pak cache file ../../../../../../Users/perfe/Documents/Unreal Projects/2e171fe038363026be7faeb1069107e0/DerivedDataCache/Compressed.ddp not found, will not use a pak cache.
[2017.06.15-23.11.05:250][  0]LogDerivedDataCache: Unable to find inner node CompressedPak for hierarchical cache Hierarchy.
[2017.06.15-23.11.05:270][  0]LogDerivedDataCache:Display: Pak cache opened for reading ../../../Engine/DerivedDataCache/Compressed.ddp.
[2017.06.15-23.11.05:283][  0]LogDerivedDataCache: Using Local data cache path C:/Users/perfe/AppData/Local/UnrealEngine/Common/DerivedDataCache: Writable
[2017.06.15-23.11.05:294][  0]LogSlate: Using Freetype 2.6.0
[2017.06.15-23.11.05:294][  0]LogSlate: SlateFontCache - WITH_FREETYPE: 1, WITH_HARFBUZZ: 1
[2017.06.15-23.11.05:294][  0]LogSlate: SlateFontCache - WITH_FREETYPE: 1, WITH_HARFBUZZ: 1
[2017.06.15-23.11.05:733][  0]LogInit: Selected Device Profile: [Windows]
[2017.06.15-23.11.05:739][  0]LogContentStreaming: Texture pool size is 0.00 MB
[2017.06.15-23.11.06:041][  0]LogMeshUtilities: Using QuadricMeshReduction for automatic static mesh reduction
[2017.06.15-23.11.06:097][  0]LogSimplygon: Simplygon DLL not present - disabling.
[2017.06.15-23.11.06:158][  0]LogMeshUtilities: Using SimplygonSwarm for distributed automatic mesh merging
[2017.06.15-23.11.06:158][  0]LogMeshUtilities: No automatic skeletal mesh reduction module available
[2017.06.15-23.11.06:158][  0]LogMeshUtilities: No automatic mesh merging module available
[2017.06.15-23.11.06:909][  0]LogNetVersion: GetLocalNetworkVersion: CL: 3299760, ProjectName: vegetta, ProjectVersion: , EngineNetworkVersion: 2, GameNetworkVersion: 0, NetworkChecksum: 2784255818
[2017.06.15-23.11.06:965][  0]LogAssetRegistry: FAssetRegistry took 0.0220 seconds to start up
[2017.06.15-23.11.07:049][  0]LogPackageLocalizationCache: Processed 4 localized package path(s) for 1 prioritized culture(s) in 0.048978 seconds
[2017.06.15-23.11.07:055][  0]LogUObjectArray: 32493 objects as part of root set at end of initial load.
[2017.06.15-23.11.07:055][  0]LogUObjectAllocator: 7077032 out of 0 bytes used by permanent object pool.
[2017.06.15-23.11.07:055][  0]LogUObjectArray: CloseDisregardForGC: 0/0 objects in disregard for GC pool
[2017.06.15-23.11.07:145][  0]LogInit: WinSock: version 1.1 (2.2), MaxSocks=32767, MaxUdp=65467
[2017.06.15-23.11.13:607][  0]LogSubstanceCoreModule: Substance [CPU] Engine Loaded, Max Texture Size = 2048
[2017.06.15-23.11.13:774][  0]LogTcpMessaging: Initializing TcpMessaging bridge
[2017.06.15-23.11.13:909][  0]LogUdpMessaging: Initializing bridge on interface 0.0.0.0:0 to multicast group 230.0.0.1:6666.
[2017.06.15-23.11.14:990][  0]LogMaterial: Uniform references updated for custom material expression Custom.
[2017.06.15-23.11.15:616][  0]SourceControl: Info Source control is disabled
[2017.06.15-23.11.15:813][  0]SourceControl: Info Source control is disabled
[2017.06.15-23.11.15:933][  0]SourceControl: Info Source control is disabled
[2017.06.15-23.11.16:005][  0]SourceControl: Info Source control is disabled
[2017.06.15-23.11.17:389][  0]LogLinker:Warning: Asset '../../../Engine/Plugins/Marketplace/KantanCharts/Content/Style/SeriesStyles/PointStyles/PS_X.uasset' has been saved with empty engine version. The asset will be loaded but may be incompatible.
[2017.06.15-23.11.19:315][  0]LogEngine: Initializing Engine...
[2017.06.15-23.11.19:316][  0]LogHMD: Failed to initialize OpenVR with code 110
[2017.06.15-23.11.19:440][  0]LogStats: UGameplayTagsManager::ConstructGameplayTagTree: Construct from data asset -  0.000 s
[2017.06.15-23.11.19:440][  0]LogStats: UGameplayTagsManager::ConstructGameplayTagTree: GameplayTagTreeChangedEvent.Broadcast -  0.000 s
[2017.06.15-23.11.19:598][  0]LogAIModule: Creating AISystem for world Untitled
[2017.06.15-23.11.19:669][  0]LogInit: XAudio2 using 'Alto-falantes (VIA HD Audio)' : 2 channels at 48 kHz using 32 bits per sample (channel mask 0x3)
[2017.06.15-23.11.19:690][  0]LogInit: FAudioDevice initialized.
[2017.06.15-23.11.19:726][  0]LogDerivedDataCache: Saved boot cache 0.04s 52MB C:/Users/perfe/AppData/Local/UnrealEngine/4.15/DerivedDataCache/Boot.ddc.
[2017.06.15-23.11.19:730][  0]LogInit: Texture streaming: Enabled
[2017.06.15-23.11.19:897][  0]LogEngineSessionManager: EngineSessionManager initialized
[2017.06.15-23.11.20:044][  0]LogInit: Transaction tracking system initialized
[2017.06.15-23.11.20:514][  0]BlueprintLog: New page: Editor Load
[2017.06.15-23.11.21:999][  0]LocalizationService: Info Localization service is disabled
[2017.06.15-23.11.23:202][  0]LogConsoleResponse:Display: 
[2017.06.15-23.11.23:627][  0]LogCook:Display: Max memory allowance for cook 16384mb min free memory 0mb
[2017.06.15-23.11.23:627][  0]LogCook:Display: Mobile HDR setting 1
[2017.06.15-23.11.24:957][  0]LogFileCache: Scanning file cache for directory 'C:/Users/perfe/Documents/Unreal Projects/2e171fe038363026be7faeb1069107e0/Content/' took 0.03s
[2017.06.15-23.11.26:123][  0]SourceControl: Info Source control is disabled
[2017.06.15-23.11.26:123][  0]Cmd: MAP LOAD FILE="../../../Engine/Content/Maps/Templates/Template_Default.umap" TEMPLATE=1 SHOWPROGRESS=1 FEATURELEVEL=3
[2017.06.15-23.11.26:152][  0]LightingResults: New page: Lighting Build
[2017.06.15-23.11.26:210][  0]MapCheck: New page: Map Check
[2017.06.15-23.11.26:210][  0]LightingResults: New page: Lighting Build
[2017.06.15-23.11.26:847][  0]LogAIModule: Creating AISystem for world Untitled_1
[2017.06.15-23.11.26:868][  0]LogActorComponent: RegisterComponentWithWorld: (/Temp/Untitled_1.Untitled_1:PersistentLevel.WorldSettings_1.StaticMeshComponent0) Trying to register component with IsPendingKill() == true. Aborting.
[2017.06.15-23.11.26:993][  0]LogEditorServer: Finished looking for orphan Actors (0.000 secs)
[2017.06.15-23.11.27:012][  0]Cmd: MAP CHECKDEP NOCLEARLOG
[2017.06.15-23.11.27:076][  0]MapCheck: Info Map check complete: 0 Error(s), 0 Warning(s), took 64.096ms to complete.
[2017.06.15-23.11.27:076][  0]LogFileHelpers: Loading map 'Template_Default' took 0.953
[2017.06.15-23.11.27:185][  0]LogWindowsTextInputMethodSystem:Display: IME system now deactivated.
[2017.06.15-23.11.27:450][  0]LogCollectionManager: Loaded 0 collections in 0.002035 seconds
[2017.06.15-23.11.27:553][  0]LogFileCache: Scanning file cache for directory 'C:/Users/perfe/Documents/Unreal Projects/2e171fe038363026be7faeb1069107e0/Saved/Collections/' took 0.01s
[2017.06.15-23.11.27:553][  0]LogFileCache: Scanning file cache for directory 'C:/Users/perfe/Documents/Unreal Projects/2e171fe038363026be7faeb1069107e0/Content/Developers/perfe/Collections/' took 0.01s
[2017.06.15-23.11.27:553][  0]LogFileCache: Scanning file cache for directory 'C:/Users/perfe/Documents/Unreal Projects/2e171fe038363026be7faeb1069107e0/Content/Collections/' took 0.01s
[2017.06.15-23.11.27:553][  0]LogCollectionManager: Rebuilt the GUID cache for 0 collections in 0.000002 seconds
[2017.06.15-23.11.27:565][  0]LogContentBrowser: Native class hierarchy populated in 0.0117 seconds. Added 2292 classes and 474 folders.
[2017.06.15-23.11.27:663][  0]LogContentBrowser: Native class hierarchy updated for 'WidgetCarousel' in 0.0006 seconds. Added 0 classes and 0 folders.
[2017.06.15-23.11.28:660][  0]LogContentBrowser: Native class hierarchy updated for 'AddContentDialog' in 0.0006 seconds. Added 0 classes and 0 folders.
[2017.06.15-23.11.28:738][  0]LogContentBrowser: Native class hierarchy updated for 'SceneOutliner' in 0.0006 seconds. Added 1 classes and 2 folders.
[2017.06.15-23.11.28:912][  0]LogCrashTracker: Crashtracker disabled due to settings.
[2017.06.15-23.11.28:921][  0]LogUObjectGlobals:Warning: Failed to find object 'Class None.'
[2017.06.15-23.11.29:035][  0]LogContentBrowser: Native class hierarchy updated for 'HierarchicalLODOutliner' in 0.0007 seconds. Added 1 classes and 2 folders.
[2017.06.15-23.11.29:035][  0]LogLoad: (Engine Initialization) Total time: 31.59 seconds
[2017.06.15-23.11.29:035][  0]LogLoad: (Engine Initialization) Total Blueprint compile time: 0.11 seconds
[2017.06.15-23.11.29:035][  0]LogExternalProfiler: Found external profiler: VSPerf
[2017.06.15-23.11.29:035][  0]LogExternalProfiler: Using external profiler: VSPerf
[2017.06.15-23.11.29:045][  0]LogOcInput: OculusInput pre-init called
[2017.06.15-23.11.29:066][  0]LogContentStreaming: Texture pool size now 1000 MB
[2017.06.15-23.11.29:067][  0]LogSlate: Took 0.000236 seconds to synchronously load lazily loaded font '../../../Engine/Content/Slate/Fonts/Roboto-Regular.ttf' (155K)
[2017.06.15-23.11.29:083][  0]LogSlate: Took 0.012279 seconds to synchronously load lazily loaded font '../../../Engine/Content/Slate/Fonts/Roboto-Bold.ttf' (160K)
[2017.06.15-23.11.29:106][  0]LogSlate: Took 0.014036 seconds to synchronously load lazily loaded font '../../../Engine/Content/Editor/Slate/Fonts/FontAwesome.ttf' (139K)
[2017.06.15-23.11.29:335][  0]LogRenderer: Reallocating scene render targets to support 1264x344 NumSamples 1 (Frame:2).
[2017.06.15-23.11.29:661][  2]LogAssetRegistry: Asset discovery search completed in 22.7181 seconds
[2017.06.15-23.11.29:661][  2]LogCollectionManager: Rebuilt the object cache for 0 collections in 0.000008 seconds (found 0 objects)
[2017.06.15-23.11.29:661][  2]LogCollectionManager: Fixed up redirectors for 0 collections in 0.000025 seconds (updated 0 objects)
[2017.06.15-23.14.15:813][769]LogWindowsTextInputMethodSystem:Display: IME system now deactivated.
[2017.06.15-23.14.16:024][770]Cmd: QUIT_EDITOR
[2017.06.15-23.14.16:101][770]LogExit: Preparing to exit.
[2017.06.15-23.14.17:098][770]LogDirectoryWatcher: A directory notification for 'C:/Users/perfe/Documents/Unreal Projects/2e171fe038363026be7faeb1069107e0/Content/' was aborted.
[2017.06.15-23.14.17:136][770]LogExit: Editor shut down
[2017.06.15-23.14.17:136][770]LogExit: Transaction tracking system shut down
[2017.06.15-23.14.17:307][770]LogObj: Freed 0b from 0 cluster array pools.
[2017.06.15-23.14.17:307][770]LogExit: Object subsystem successfully closed.
[2017.06.15-23.14.17:314][770]LogD3D11RHI: Shutdown
[2017.06.15-23.14.17:314][770]LogD3D11RHI: CleanupD3DDevice
[2017.06.15-23.14.17:366][770]LogD3D11RHI: ~FD3D11DynamicRHI
[2017.06.15-23.14.17:401][770]LogModuleManager: Shutting down and abandoning module HierarchicalLODOutliner (514)
[2017.06.15-23.14.17:401][770]LogModuleManager: Shutting down and abandoning module CrashTracker (512)
[2017.06.15-23.14.17:401][770]LogModuleManager: Shutting down and abandoning module SceneOutliner (510)
[2017.06.15-23.14.17:401][770]LogModuleManager: Shutting down and abandoning module AddContentDialog (508)
[2017.06.15-23.14.17:401][770]LogDirectoryWatcher: A directory notification for 'C:/Program Files/Epic Games/UE_4.15/FeaturePacks/' was aborted.
[2017.06.15-23.14.17:402][770]LogModuleManager: Shutting down and abandoning module WidgetCarousel (507)
[2017.06.15-23.14.17:402][770]LogModuleManager: Shutting down and abandoning module EditorWidgets (504)
[2017.06.15-23.14.17:402][770]LogModuleManager: Shutting down and abandoning module CollectionManager (502)
[2017.06.15-23.14.17:402][770]LogDirectoryWatcher: A directory notification for 'C:/Users/perfe/Documents/Unreal Projects/2e171fe038363026be7faeb1069107e0/Content/Collections/' was aborted.
[2017.06.15-23.14.17:402][770]LogDirectoryWatcher: A directory notification for 'C:/Users/perfe/Documents/Unreal Projects/2e171fe038363026be7faeb1069107e0/Content/Developers/perfe/Collections/' was aborted.
[2017.06.15-23.14.17:402][770]LogDirectoryWatcher: A directory notification for 'C:/Users/perfe/Documents/Unreal Projects/2e171fe038363026be7faeb1069107e0/Saved/Collections/' was aborted.
[2017.06.15-23.14.17:402][770]LogModuleManager: Shutting down and abandoning module StatsViewer (500)
[2017.06.15-23.14.17:402][770]LogModuleManager: Shutting down and abandoning module FoliageEdit (498)
[2017.06.15-23.14.17:402][770]LogModuleManager: Shutting down and abandoning module LandscapeEditor (496)
[2017.06.15-23.14.17:402][770]LogModuleManager: Shutting down and abandoning module SceneDepthPickerMode (494)
[2017.06.15-23.14.17:402][770]LogModuleManager: Shutting down and abandoning module ActorPickerMode (492)
[2017.06.15-23.14.17:402][770]LogModuleManager: Shutting down and abandoning module GeometryMode (490)
[2017.06.15-23.14.17:402][770]LogModuleManager: Shutting down and abandoning module TextureAlignMode (488)
[2017.06.15-23.14.17:402][770]LogModuleManager: Shutting down and abandoning module BspMode (486)
[2017.06.15-23.14.17:402][770]LogModuleManager: Shutting down and abandoning module HardwareSurvey (484)
[2017.06.15-23.14.17:402][770]LogModuleManager: Shutting down and abandoning module SequenceRecorderSections (482)
[2017.06.15-23.14.17:402][770]LogModuleManager: Shutting down and abandoning module AutomationWorker (480)
[2017.06.15-23.14.17:402][770]LogModuleManager: Shutting down and abandoning module MatineeToLevelSequence (478)
[2017.06.15-23.14.17:402][770]LogModuleManager: Shutting down and abandoning module LevelSequenceEditor (476)
[2017.06.15-23.14.17:402][770]LogModuleManager: Shutting down and abandoning module PlacementMode (475)
[2017.06.15-23.14.17:402][770]LogModuleManager: Shutting down and abandoning module WmfMediaFactory (472)
[2017.06.15-23.14.17:402][770]LogModuleManager: Shutting down and abandoning module WmfMediaEditor (470)
[2017.06.15-23.14.17:402][770]LogModuleManager: Shutting down and abandoning module MfMediaFactory (468)
[2017.06.15-23.14.17:402][770]LogModuleManager: Shutting down and abandoning module MfMediaEditor (466)
[2017.06.15-23.14.17:402][770]LogModuleManager: Shutting down and abandoning module AvfMediaFactory (464)
[2017.06.15-23.14.17:402][770]LogModuleManager: Shutting down and abandoning module AvfMediaEditor (462)
[2017.06.15-23.14.17:402][770]LogModuleManager: Shutting down and abandoning module AndroidMediaFactory (460)
[2017.06.15-23.14.17:402][770]LogModuleManager: Shutting down and abandoning module Media (459)
[2017.06.15-23.14.17:402][770]LogModuleManager: Shutting down and abandoning module AndroidMediaEditor (456)
[2017.06.15-23.14.17:402][770]LogModuleManager: Shutting down and abandoning module CharacterAI (454)
[2017.06.15-23.14.17:402][770]LogModuleManager: Shutting down and abandoning module AudioCapture (452)
[2017.06.15-23.14.17:402][770]LogModuleManager: Shutting down and abandoning module SequenceRecorder (451)
[2017.06.15-23.14.17:402][770]LogModuleManager: Shutting down and abandoning module SmartSnapping (448)
[2017.06.15-23.14.17:402][770]LogModuleManager: Shutting down and abandoning module SessionServices (446)
[2017.06.15-23.14.17:402][770]LogModuleManager: Shutting down and abandoning module ViewportSnapping (444)
[2017.06.15-23.14.17:402][770]LogModuleManager: Shutting down and abandoning module ViewportInteraction (442)
[2017.06.15-23.14.17:402][770]LogModuleManager: Shutting down and abandoning module LogVisualizer (440)
[2017.06.15-23.14.17:403][770]LogModuleManager: Shutting down and abandoning module IntroTutorials (438)
[2017.06.15-23.14.17:403][770]LogModuleManager: Shutting down and abandoning module GameProjectGeneration (437)
[2017.06.15-23.14.17:403][770]LogModuleManager: Shutting down and abandoning module EditorLiveStreaming (434)
[2017.06.15-23.14.17:403][770]LogModuleManager: Shutting down and abandoning module IOSPlatformEditor (432)
[2017.06.15-23.14.17:403][770]LogModuleManager: Shutting down and abandoning module HTML5PlatformEditor (430)
[2017.06.15-23.14.17:403][770]LogModuleManager: Shutting down and abandoning module AndroidPlatformEditor (428)
[2017.06.15-23.14.17:403][770]LogModuleManager: Shutting down and abandoning module AndroidDeviceDetection (427)
[2017.06.15-23.14.17:758][770]LogModuleManager: Shutting down and abandoning module IOSRuntimeSettings (424)
[2017.06.15-23.14.17:758][770]LogModuleManager: Shutting down and abandoning module AndroidRuntimeSettings (422)
[2017.06.15-23.14.17:758][770]LogModuleManager: Shutting down and abandoning module InputBindingEditor (420)
[2017.06.15-23.14.17:759][770]LogModuleManager: Shutting down and abandoning module NiagaraEditor (418)
[2017.06.15-23.14.17:759][770]LogModuleManager: Shutting down and abandoning module MergeActors (416)
[2017.06.15-23.14.17:759][770]LogModuleManager: Shutting down and abandoning module SizeMap (414)
[2017.06.15-23.14.17:759][770]LogModuleManager: Shutting down and abandoning module TreeMap (412)
[2017.06.15-23.14.17:759][770]LogModuleManager: Shutting down and abandoning module ReferenceViewer (410)
[2017.06.15-23.14.17:759][770]LogModuleManager: Shutting down and abandoning module LocalizationDashboard (408)
[2017.06.15-23.14.17:759][770]LogModuleManager: Shutting down and abandoning module LocalizationService (407)
[2017.06.15-23.14.17:759][770]LogModuleManager: Shutting down and abandoning module HardwareTargeting (404)
[2017.06.15-23.14.17:759][770]LogModuleManager: Shutting down and abandoning module DeviceProfileEditor (402)
[2017.06.15-23.14.17:759][770]LogModuleManager: Shutting down and abandoning module UndoHistory (400)
[2017.06.15-23.14.17:759][770]LogModuleManager: Shutting down and abandoning module UserFeedback (398)
[2017.06.15-23.14.17:759][770]LogModuleManager: Shutting down and abandoning module XmlParser (396)
[2017.06.15-23.14.17:759][770]LogModuleManager: Shutting down and abandoning module Blutility (394)
[2017.06.15-23.14.17:759][770]LogModuleManager: Shutting down and abandoning module ProjectSettingsViewer (392)
[2017.06.15-23.14.17:759][770]LogModuleManager: Shutting down and abandoning module ProjectTargetPlatformEditor (391)
[2017.06.15-23.14.17:759][770]LogModuleManager: Shutting down and abandoning module EditorSettingsViewer (388)
[2017.06.15-23.14.17:759][770]LogModuleManager: Shutting down and abandoning module SettingsEditor (386)
[2017.06.15-23.14.17:759][770]LogModuleManager: Shutting down and abandoning module ProjectLauncher (384)
[2017.06.15-23.14.17:759][770]LogModuleManager: Shutting down and abandoning module SessionFrontend (382)
[2017.06.15-23.14.17:759][770]LogModuleManager: Shutting down and abandoning module ProfilerClient (380)
[2017.06.15-23.14.17:759][770]LogModuleManager: Shutting down and abandoning module DeviceManager (378)
[2017.06.15-23.14.17:759][770]LogModuleManager: Shutting down and abandoning module TargetDeviceServices (377)
[2017.06.15-23.14.17:802][770]LogModuleManager: Shutting down and abandoning module AutomationController (374)
[2017.06.15-23.14.17:802][770]LogModuleManager: Shutting down and abandoning module AutomationWindow (372)
[2017.06.15-23.14.17:802][770]LogModuleManager: Shutting down and abandoning module Layers (370)
[2017.06.15-23.14.17:802][770]LogModuleManager: Shutting down and abandoning module ComponentVisualizers (368)
[2017.06.15-23.14.17:802][770]LogModuleManager: Shutting down and abandoning module DetailCustomizations (366)
[2017.06.15-23.14.17:802][770]LogModuleManager: Shutting down and abandoning module PackagesDialog (364)
[2017.06.15-23.14.17:802][770]LogModuleManager: Shutting down and abandoning module Persona (362)
[2017.06.15-23.14.17:802][770]LogModuleManager: Shutting down and abandoning module AnimGraph (361)
[2017.06.15-23.14.17:802][770]LogModuleManager: Shutting down and abandoning module Kismet (358)
[2017.06.15-23.14.17:803][770]LogModuleManager: Shutting down and abandoning module GraphEditor (356)
[2017.06.15-23.14.17:803][770]LogModuleManager: Shutting down and abandoning module ClassViewer (354)
[2017.06.15-23.14.17:803][770]LogModuleManager: Shutting down and abandoning module Toolbox (352)
[2017.06.15-23.14.17:803][770]LogModuleManager: Shutting down and abandoning module ModuleUI (350)
[2017.06.15-23.14.17:803][770]LogModuleManager: Shutting down and abandoning module MovieSceneTools (348)
[2017.06.15-23.14.17:803][770]LogModuleManager: Shutting down and abandoning module OutputLog (346)
[2017.06.15-23.14.17:803][770]LogModuleManager: Shutting down and abandoning module GammaUI (344)
[2017.06.15-23.14.17:803][770]LogModuleManager: Shutting down and abandoning module Documentation (342)
[2017.06.15-23.14.17:803][770]LogModuleManager: Shutting down and abandoning module Niagara (340)
[2017.06.15-23.14.17:803][770]LogModuleManager: Shutting down and abandoning module StreamingPauseRendering (338)
[2017.06.15-23.14.17:803][770]LogModuleManager: Shutting down and abandoning module AnalyticsET (336)
[2017.06.15-23.14.17:803][770]LogModuleManager: Shutting down and abandoning module PortalServices (334)
[2017.06.15-23.14.17:803][770]LogModuleManager: Shutting down and abandoning module PortalRpc (332)
[2017.06.15-23.14.17:803][770]LogModuleManager: Shutting down and abandoning module MessagingRpc (330)
[2017.06.15-23.14.17:803][770]LogModuleManager: Shutting down and abandoning module AIModule (328)
[2017.06.15-23.14.17:803][770]LogModuleManager: Shutting down and abandoning module GameplayDebugger (327)
[2017.06.15-23.14.17:803][770]LogModuleManager: Shutting down and abandoning module AITestSuite (325)
[2017.06.15-23.14.17:803][770]LogModuleManager: Shutting down and abandoning module ProfilerService (322)
[2017.06.15-23.14.17:963][770]LogModuleManager: Shutting down and abandoning module TaskGraph (320)
[2017.06.15-23.14.17:963][770]LogModuleManager: Shutting down and abandoning module SubstanceEditor (318)
[2017.06.15-23.14.17:964][770]LogModuleManager: Shutting down and abandoning module SteamVRController (316)
[2017.06.15-23.14.17:964][770]LogModuleManager: Shutting down and abandoning module SteamVR (314)
[2017.06.15-23.14.17:964][770]LogModuleManager: Shutting down and abandoning module ProceduralMeshComponentEditor (312)
[2017.06.15-23.14.17:964][770]LogModuleManager: Shutting down and abandoning module ProceduralMeshComponent (310)
[2017.06.15-23.14.17:964][770]LogModuleManager: Shutting down and abandoning module OculusLibrary (308)
[2017.06.15-23.14.17:965][770]LogModuleManager: Shutting down and abandoning module OculusInput (306)
[2017.06.15-23.14.17:965][770]LogModuleManager: Shutting down and abandoning module MobilePatchingUtils (304)
[2017.06.15-23.14.17:965][770]LogModuleManager: Shutting down and abandoning module CustomMeshComponent (302)
[2017.06.15-23.14.17:965][770]LogModuleManager: Shutting down and abandoning module CableComponent (300)
[2017.06.15-23.14.17:965][770]LogModuleManager: Shutting down and abandoning module ArchVisCharacter (298)
[2017.06.15-23.14.17:965][770]LogModuleManager: Shutting down and abandoning module MediaPlayerEditor (294)
[2017.06.15-23.14.18:170][770]LogModuleManager: Shutting down and abandoning module VaRestEditorPlugin (292)
[2017.06.15-23.14.18:171][770]LogModuleManager: Shutting down and abandoning module KantanChartsEditor (290)
[2017.06.15-23.14.18:183][770]LogModuleManager: Shutting down and abandoning module KantanChartsUMG (288)
[2017.06.15-23.14.18:183][770]LogModuleManager: Shutting down and abandoning module KantanChartsSlate (286)
[2017.06.15-23.14.18:184][770]LogModuleManager: Shutting down and abandoning module KantanChartsDatasource (284)
[2017.06.15-23.14.18:184][770]LogModuleManager: Shutting down and abandoning module HTML5Networking (282)
[2017.06.15-23.14.18:184][770]LogModuleManager: Shutting down and abandoning module AlembicImporter (280)
[2017.06.15-23.14.18:184][770]LogModuleManager: Shutting down and abandoning module AlembicLibrary (279)
[2017.06.15-23.14.18:184][770]LogModuleManager: Shutting down and abandoning module GeometryCache (278)
[2017.06.15-23.14.18:184][770]LogModuleManager: Shutting down and abandoning module GeometryCacheEd (277)
[2017.06.15-23.14.18:184][770]LogModuleManager: Shutting down and abandoning module SuperSearchEditor (272)
[2017.06.15-23.14.18:184][770]LogModuleManager: Shutting down and abandoning module SuperSearch (271)
[2017.06.15-23.14.18:184][770]LogModuleManager: Shutting down and abandoning module SpeedTreeImporter (268)
[2017.06.15-23.14.18:184][770]LogModuleManager: Shutting down and abandoning module PluginBrowser (266)
[2017.06.15-23.14.18:184][770]LogModuleManager: Shutting down and abandoning module MobileLauncherProfileWizard (264)
[2017.06.15-23.14.18:184][770]LogModuleManager: Shutting down and abandoning module EpicSurvey (262)
[2017.06.15-23.14.18:184][770]LogModuleManager: Shutting down and abandoning module VisualStudioSourceCodeAccess (260)
[2017.06.15-23.14.18:184][770]LogModuleManager: Shutting down and abandoning module DesktopPlatform (259)
[2017.06.15-23.14.18:185][770]LogModuleManager: Shutting down and abandoning module UObjectPlugin (256)
[2017.06.15-23.14.18:185][770]LogModuleManager: Shutting down and abandoning module SubversionSourceControl (254)
[2017.06.15-23.14.18:185][770]LogModuleManager: Shutting down and abandoning module PerforceSourceControl (252)
[2017.06.15-23.14.18:185][770]LogModuleManager: Shutting down and abandoning module GitSourceControl (250)
[2017.06.15-23.14.18:185][770]LogModuleManager: Shutting down and abandoning module SourceControl (249)
[2017.06.15-23.14.18:185][770]LogModuleManager: Shutting down and abandoning module LightPropagationVolumeEditor (246)
[2017.06.15-23.14.18:185][770]LogModuleManager: Shutting down and abandoning module PaperTiledImporter (244)
[2017.06.15-23.14.18:185][770]LogModuleManager: Shutting down and abandoning module PaperSpriteSheetImporter (242)
[2017.06.15-23.14.18:185][770]LogModuleManager: Shutting down and abandoning module Paper2DEditor (240)
[2017.06.15-23.14.18:185][770]LogModuleManager: Shutting down and abandoning module MeshPaint (239)
[2017.06.15-23.14.18:185][770]LogModuleManager: Shutting down and abandoning module LevelEditor (237)
[2017.06.15-23.14.18:186][770]LogModuleManager: Shutting down and abandoning module PixelInspectorModule (236)
[2017.06.15-23.14.18:186][770]LogModuleManager: Shutting down and abandoning module MainFrame (234)
[2017.06.15-23.14.18:186][770]LogModuleManager: Shutting down and abandoning module HotReload (233)
[2017.06.15-23.14.18:187][770]LogModuleManager: Shutting down and abandoning module ContentBrowser (229)
[2017.06.15-23.14.18:188][770]LogModuleManager: Shutting down and abandoning module PhysXVehiclesEditor (226)
[2017.06.15-23.14.18:189][770]LogModuleManager: Shutting down and abandoning module PhysXVehicles (224)
[2017.06.15-23.14.18:189][770]LogModuleManager: Shutting down and abandoning module LocationServicesBPLibrary (222)
[2017.06.15-23.14.18:189][770]LogModuleManager: Shutting down and abandoning module UdpMessaging (220)
[2017.06.15-23.14.18:289][770]LogModuleManager: Shutting down and abandoning module TcpMessaging (218)
[2017.06.15-23.14.18:390][770]LogModuleManager: Shutting down and abandoning module VaRestPlugin (216)
[2017.06.15-23.14.18:390][770]LogModuleManager: Shutting down and abandoning module SubstanceCore (214)
[2017.06.15-23.14.18:390][770]LogModuleManager: Shutting down and abandoning module GameplayTagsEditor (212)
[2017.06.15-23.14.18:390][770]LogModuleManager: Shutting down and abandoning module FacialAnimationEditor (210)
[2017.06.15-23.14.18:390][770]LogModuleManager: Shutting down and abandoning module FacialAnimation (208)
[2017.06.15-23.14.18:390][770]LogModuleManager: Shutting down and abandoning module LightPropagationVolumeRuntime (206)
[2017.06.15-23.14.18:390][770]LogModuleManager: Shutting down and abandoning module Paper2D (204)
[2017.06.15-23.14.18:390][770]LogModuleManager: Shutting down and abandoning module WindowsMoviePlayer (202)
[2017.06.15-23.14.18:391][770]LogModuleManager: Shutting down and abandoning module WmfMedia (200)
[2017.06.15-23.14.18:391][770]LogModuleManager: Shutting down and abandoning module MfMedia (198)
[2017.06.15-23.14.18:391][770]LogModuleManager: Shutting down and abandoning module MediaAssets (196)
[2017.06.15-23.14.18:391][770]LogModuleManager: Shutting down and abandoning module GameLiveStreaming (194)
[2017.06.15-23.14.18:391][770]LogModuleManager: Shutting down and abandoning module VREditor (192)
[2017.06.15-23.14.18:391][770]LogModuleManager: Shutting down and abandoning module GameplayTasksEditor (190)
[2017.06.15-23.14.18:391][770]LogModuleManager: Shutting down and abandoning module BehaviorTreeEditor (188)
[2017.06.15-23.14.18:391][770]LogModuleManager: Shutting down and abandoning module FunctionalTesting (186)
[2017.06.15-23.14.18:391][770]LogModuleManager: Shutting down and abandoning module CollisionAnalyzer (184)
[2017.06.15-23.14.18:391][770]LogModuleManager: Shutting down and abandoning module UMG (182)
[2017.06.15-23.14.18:391][770]LogModuleManager: Shutting down and abandoning module UMGEditor (181)
[2017.06.15-23.14.18:392][770]LogModuleManager: Shutting down and abandoning module Sequencer (180)
[2017.06.15-23.14.18:392][770]LogModuleManager: Shutting down and abandoning module AssetTools (178)
[2017.06.15-23.14.18:392][770]LogModuleManager: Shutting down and abandoning module MessageLog (177)
[2017.06.15-23.14.18:392][770]LogModuleManager: Shutting down and abandoning module WorkspaceMenuStructure (176)
[2017.06.15-23.14.18:392][770]LogModuleManager: Shutting down and abandoning module SlateReflector (170)
[2017.06.15-23.14.18:392][770]LogModuleManager: Shutting down and abandoning module Slate (168)
[2017.06.15-23.14.18:392][770]LogModuleManager: Shutting down and abandoning module EditorStyle (166)
[2017.06.15-23.14.18:397][770]LogModuleManager: Shutting down and abandoning module SourceCodeAccess (164)
[2017.06.15-23.14.18:397][770]LogModuleManager: Shutting down and abandoning module HeadMountedDisplay (162)
[2017.06.15-23.14.18:397][770]LogModuleManager: Shutting down and abandoning module XAudio2 (160)
[2017.06.15-23.14.18:397][770]LogModuleManager: Shutting down and abandoning module Networking (158)
[2017.06.15-23.14.18:397][770]LogModuleManager: Shutting down and abandoning module Core (154)
[2017.06.15-23.14.18:397][770]LogModuleManager: Shutting down and abandoning module AssetRegistry (152)
[2017.06.15-23.14.18:622][770]LogDirectoryWatcher: A directory notification for '../../../Engine/Content/' was aborted.
[2017.06.15-23.14.18:622][770]LogDirectoryWatcher: A directory notification for '../../../../../../Users/perfe/Documents/Unreal Projects/2e171fe038363026be7faeb1069107e0/Content/' was aborted.
[2017.06.15-23.14.18:622][770]LogDirectoryWatcher: A directory notification for '../../../Engine/Plugins/2D/Paper2D/Content/' was aborted.
[2017.06.15-23.14.18:622][770]LogDirectoryWatcher: A directory notification for '../../../Engine/Plugins/Marketplace/KantanCharts/Content/' was aborted.
[2017.06.15-23.14.18:622][770]LogModuleManager: Shutting down and abandoning module DirectoryWatcher (151)
[2017.06.15-23.14.18:622][770]LogModuleManager: Shutting down and abandoning module KismetCompiler (148)
[2017.06.15-23.14.18:623][770]LogModuleManager: Shutting down and abandoning module PhysXFormats (146)
[2017.06.15-23.14.18:623][770]LogModuleManager: Shutting down and abandoning module MeshUtilities (144)
[2017.06.15-23.14.18:623][770]LogModuleManager: Shutting down and abandoning module SimplygonSwarm (143)
[2017.06.15-23.14.18:623][770]LogModuleManager: Shutting down and abandoning module SimplygonMeshReduction (141)
[2017.06.15-23.14.18:623][770]LogModuleManager: Shutting down and abandoning module QuadricMeshReduction (139)
[2017.06.15-23.14.18:623][770]LogModuleManager: Shutting down and abandoning module PropertyEditor (137)
[2017.06.15-23.14.18:623][770]LogModuleManager: Shutting down and abandoning module DerivedDataCache (134)
[2017.06.15-23.14.18:697][770]LogDerivedDataCache: Shutdown
[2017.06.15-23.14.18:697][770]LogModuleManager: Shutting down and abandoning module TargetPlatform (132)
[2017.06.15-23.14.18:697][770]LogModuleManager: Shutting down and abandoning module VulkanShaderFormat (131)
[2017.06.15-23.14.18:698][770]LogModuleManager: Shutting down and abandoning module ShaderFormatOpenGL (129)
[2017.06.15-23.14.18:698][770]LogModuleManager: Shutting down and abandoning module ShaderFormatD3D (127)
[2017.06.15-23.14.18:698][770]LogModuleManager: Shutting down and abandoning module MetalShaderFormat (125)
[2017.06.15-23.14.18:698][770]LogModuleManager: Shutting down and abandoning module TextureFormatUncompressed (123)
[2017.06.15-23.14.18:698][770]LogModuleManager: Shutting down and abandoning module TextureFormatPVR (121)
[2017.06.15-23.14.18:698][770]LogModuleManager: Shutting down and abandoning module TextureFormatDXT (119)
[2017.06.15-23.14.18:698][770]LogModuleManager: Shutting down and abandoning module TextureFormatIntelISPCTexComp (117)
[2017.06.15-23.14.18:698][770]LogModuleManager: Shutting down and abandoning module TextureFormatASTC (115)
[2017.06.15-23.14.18:698][770]LogModuleManager: Shutting down and abandoning module ImageWrapper (114)
[2017.06.15-23.14.18:698][770]LogModuleManager: Shutting down and abandoning module TextureFormatAndroid (111)
[2017.06.15-23.14.18:698][770]LogModuleManager: Shutting down and abandoning module AudioFormatOpus (109)
[2017.06.15-23.14.18:698][770]LogModuleManager: Shutting down and abandoning module AudioFormatOgg (107)
[2017.06.15-23.14.18:698][770]LogModuleManager: Shutting down and abandoning module AudioFormatADPCM (105)
[2017.06.15-23.14.18:698][770]LogModuleManager: Shutting down and abandoning module LinuxTargetPlatform (103)
[2017.06.15-23.14.18:698][770]LogModuleManager: Shutting down and abandoning module LinuxServerTargetPlatform (101)
[2017.06.15-23.14.18:698][770]LogModuleManager: Shutting down and abandoning module LinuxNoEditorTargetPlatform (99)
[2017.06.15-23.14.18:698][770]LogModuleManager: Shutting down and abandoning module LinuxClientTargetPlatform (97)
[2017.06.15-23.14.18:698][770]LogModuleManager: Shutting down and abandoning module TVOSTargetPlatform (95)
[2017.06.15-23.14.18:698][770]LogModuleManager: Shutting down and abandoning module Messaging (93)
[2017.06.15-23.14.18:698][770]LogModuleManager: Shutting down and abandoning module IOSTargetPlatform (91)
[2017.06.15-23.14.18:698][770]LogModuleManager: Shutting down and abandoning module HTML5TargetPlatform (89)
[2017.06.15-23.14.18:698][770]LogModuleManager: Shutting down and abandoning module Android_PVRTCTargetPlatform (87)
[2017.06.15-23.14.18:698][770]LogModuleManager: Shutting down and abandoning module Android_MultiTargetPlatform (85)
[2017.06.15-23.14.18:698][770]LogModuleManager: Shutting down and abandoning module Android_ETC2TargetPlatform (83)
[2017.06.15-23.14.18:698][770]LogModuleManager: Shutting down and abandoning module Android_ETC1TargetPlatform (81)
[2017.06.15-23.14.18:698][770]LogModuleManager: Shutting down and abandoning module Android_DXTTargetPlatform (79)
[2017.06.15-23.14.18:698][770]LogModuleManager: Shutting down and abandoning module Android_ATCTargetPlatform (77)
[2017.06.15-23.14.18:698][770]LogModuleManager: Shutting down and abandoning module Android_ASTCTargetPlatform (75)
[2017.06.15-23.14.18:698][770]LogModuleManager: Shutting down and abandoning module AndroidTargetPlatform (73)
[2017.06.15-23.14.18:698][770]LogModuleManager: Shutting down and abandoning module WindowsTargetPlatform (71)
[2017.06.15-23.14.18:698][770]LogModuleManager: Shutting down and abandoning module WindowsServerTargetPlatform (69)
[2017.06.15-23.14.18:698][770]LogModuleManager: Shutting down and abandoning module WindowsNoEditorTargetPlatform (67)
[2017.06.15-23.14.18:698][770]LogModuleManager: Shutting down and abandoning module WindowsClientTargetPlatform (65)
[2017.06.15-23.14.18:698][770]LogModuleManager: Shutting down and abandoning module MacTargetPlatform (63)
[2017.06.15-23.14.18:698][770]LogModuleManager: Shutting down and abandoning module MacServerTargetPlatform (61)
[2017.06.15-23.14.18:698][770]LogModuleManager: Shutting down and abandoning module MacNoEditorTargetPlatform (59)
[2017.06.15-23.14.18:699][770]LogModuleManager: Shutting down and abandoning module MacClientTargetPlatform (57)
[2017.06.15-23.14.18:699][770]LogModuleManager: Shutting down and abandoning module AllDesktopTargetPlatform (55)
[2017.06.15-23.14.18:699][770]LogModuleManager: Shutting down and abandoning module InputCore (52)
[2017.06.15-23.14.18:699][770]LogModuleManager: Shutting down and abandoning module Settings (50)
[2017.06.15-23.14.18:699][770]LogModuleManager: Shutting down and abandoning module OculusRift (48)
[2017.06.15-23.14.18:699][770]LogModuleManager: Shutting down and abandoning module GearVR (46)
[2017.06.15-23.14.18:699][770]LogModuleManager: Shutting down and abandoning module ExampleDeviceProfileSelector (44)
[2017.06.15-23.14.18:699][770]LogModuleManager: Shutting down and abandoning module OnlineBlueprintSupport (42)
[2017.06.15-23.14.18:699][770]LogModuleManager: Shutting down and abandoning module OnlineSubsystem (38)
[2017.06.15-23.14.18:699][770]LogOnline:Display: Unloading online subsystem: NULL
[2017.06.15-23.14.18:699][770]LogModuleManager: Shutting down and abandoning module XMPP (37)
[2017.06.15-23.14.18:699][770]LogModuleManager: Shutting down and abandoning module HTTP (35)
[2017.06.15-23.14.18:699][770]LogHttp:Display: Http module shutting down, but needs to wait on 1 outstanding Http requests:
[2017.06.15-23.14.18:699][770]LogHttp:Display: 	verb=[POST] url=[https://datarouter.ol.epicgames.com/datarouter/api/v1/public/data?SessionID=%7B1D85535C-4A89-8FA7-DC41-1F94F78EE20D%7D&AppID=UEEditor.Rocket.Release&AppVersion=4.15.2-3416026%2B%2B%2BUE4%2BRelease-4.15&UserID=e971859f4de720b587e40ea2c39ab968%7C5a3bf55243204762a0be1d1ab7ad5d3d%7C8c75e087-f286-4322-9dd2-b548978ec657&AppEnvironment=datacollector-binary&UploadType=eteventstream] status=Processing
[2017.06.15-23.14.18:733][770]LogModuleManager: Shutting down and abandoning module SSL (34)
[2017.06.15-23.14.18:735][770]LogModuleManager: Shutting down and abandoning module AudioEditor (30)
[2017.06.15-23.14.18:735][770]LogModuleManager: Shutting down and abandoning module TextureCompressor (28)
[2017.06.15-23.14.18:735][770]LogModuleManager: Shutting down and abandoning module ShaderCore (26)
[2017.06.15-23.14.18:735][770]LogModuleManager: Shutting down and abandoning module Landscape (24)
[2017.06.15-23.14.18:735][770]LogModuleManager: Shutting down and abandoning module SlateRHIRenderer (22)
[2017.06.15-23.14.18:736][770]LogModuleManager: Shutting down and abandoning module OpenGLDrv (20)
[2017.06.15-23.14.18:736][770]LogModuleManager: Shutting down and abandoning module D3D11RHI (18)
[2017.06.15-23.14.18:736][770]LogModuleManager: Shutting down and abandoning module AnimGraphRuntime (16)
[2017.06.15-23.14.18:736][770]LogModuleManager: Shutting down and abandoning module Renderer (14)
[2017.06.15-23.14.18:736][770]LogModuleManager: Shutting down and abandoning module Engine (12)
[2017.06.15-23.14.18:736][770]LogModuleManager: Shutting down and abandoning module CoreUObject (10)
[2017.06.15-23.14.18:737][770]LogModuleManager: Shutting down and abandoning module NetworkFile (8)
[2017.06.15-23.14.18:737][770]LogModuleManager: Shutting down and abandoning module StreamingFile (6)
[2017.06.15-23.14.18:737][770]LogModuleManager: Shutting down and abandoning module SandboxFile (4)
[2017.06.15-23.14.18:737][770]LogModuleManager: Shutting down and abandoning module PakFile (2)
[2017.06.15-23.14.18:738][770]LogExit: Exiting.
[2017.06.15-23.14.18:756][770]Log file closed, 06/15/17 20:14:18
